

Microchip MPLAB XC8 Assembler V2.32 build 20210201212658 
                                                                                               Tue Oct 26 15:55:47 2021

Microchip MPLAB XC8 C Compiler v2.32 (Free license) build 20210201212658 Og1 
     1                           	processor	12F1822
     2                           	pagewidth 120
     3                           	opt	flic
     4                           	psect	cinit,global,class=CODE,merge=1,delta=2
     5                           	psect	bssBANK0,global,class=BANK0,space=1,delta=1,noexec
     6                           	psect	cstackCOMMON,global,class=COMMON,space=1,delta=1,noexec
     7                           	psect	maintext,global,class=CODE,merge=1,split=1,delta=2
     8                           	psect	text1,local,class=CODE,merge=1,delta=2
     9                           	psect	intentry,global,class=CODE,delta=2
    10                           	psect	config,global,abs,ovrld,class=CONFIG,space=4,delta=2,noexec
    11                           	dabs	1,0x7E,2
    12  0000                     
    13                           ; Version 2.20
    14                           ; Generated 12/02/2020 GMT
    15                           ; 
    16                           ; Copyright © 2020, Microchip Technology Inc. and its subsidiaries ("Microchip")
    17                           ; All rights reserved.
    18                           ; 
    19                           ; This software is developed by Microchip Technology Inc. and its subsidiaries ("Microch
      +                          ip").
    20                           ; 
    21                           ; Redistribution and use in source and binary forms, with or without modification, are
    22                           ; permitted provided that the following conditions are met:
    23                           ; 
    24                           ;     1. Redistributions of source code must retain the above copyright notice, this lis
      +                          t of
    25                           ;        conditions and the following disclaimer.
    26                           ; 
    27                           ;     2. Redistributions in binary form must reproduce the above copyright notice, this 
      +                          list
    28                           ;        of conditions and the following disclaimer in the documentation and/or other
    29                           ;        materials provided with the distribution.
    30                           ; 
    31                           ;     3. Microchip's name may not be used to endorse or promote products derived from th
      +                          is
    32                           ;        software without specific prior written permission.
    33                           ; 
    34                           ; THIS SOFTWARE IS PROVIDED BY MICROCHIP "AS IS" AND ANY EXPRESS OR IMPLIED WARRANTIES,
    35                           ; INCLUDING, BUT NOT LIMITED TO, THE IMPLIED WARRANTIES OF MERCHANTABILITY AND FITNESS F
      +                          OR
    36                           ; PURPOSE ARE DISCLAIMED.  IN NO EVENT SHALL MICROCHIP BE LIABLE FOR ANY DIRECT, INDIREC
      +                          T,
    37                           ; INCIDENTAL, SPECIAL, EXEMPLARY, OR CONSEQUENTIAL DAMAGES (INCLUDING BUT NOT LIMITED TO
    38                           ; PROCUREMENT OF SUBSTITUTE GOODS OR SERVICES; LOSS OF USE, DATA OR PROFITS; OR BUSINESS
    39                           ; INTERRUPTION) HOWSOEVER CAUSED AND ON ANY THEORY OF LIABILITY, WHETHER IN CONTRACT, ST
      +                          RICT
    40                           ; LIABILITY, OR TORT (INCLUDING NEGLIGENCE OR OTHERWISE) ARISING IN ANY WAY OUT OF THE U
      +                          SE OF
    41                           ; THIS SOFTWARE, EVEN IF ADVISED OF THE POSSIBILITY OF SUCH DAMAGE.
    42                           ; 
    43                           ; 
    44                           ; Code-generator required, PIC12F1822 Definitions
    45                           ; 
    46                           ; SFR Addresses
    47  0000                     	;# 
    48  0001                     	;# 
    49  0002                     	;# 
    50  0003                     	;# 
    51  0004                     	;# 
    52  0005                     	;# 
    53  0006                     	;# 
    54  0007                     	;# 
    55  0008                     	;# 
    56  0009                     	;# 
    57  000A                     	;# 
    58  000B                     	;# 
    59  000C                     	;# 
    60  0011                     	;# 
    61  0012                     	;# 
    62  0015                     	;# 
    63  0016                     	;# 
    64  0016                     	;# 
    65  0017                     	;# 
    66  0018                     	;# 
    67  0019                     	;# 
    68  001A                     	;# 
    69  001B                     	;# 
    70  001C                     	;# 
    71  001E                     	;# 
    72  001F                     	;# 
    73  008C                     	;# 
    74  0091                     	;# 
    75  0092                     	;# 
    76  0095                     	;# 
    77  0096                     	;# 
    78  0097                     	;# 
    79  0098                     	;# 
    80  0099                     	;# 
    81  009A                     	;# 
    82  009B                     	;# 
    83  009B                     	;# 
    84  009C                     	;# 
    85  009D                     	;# 
    86  009E                     	;# 
    87  010C                     	;# 
    88  0111                     	;# 
    89  0112                     	;# 
    90  0115                     	;# 
    91  0116                     	;# 
    92  0117                     	;# 
    93  0118                     	;# 
    94  0119                     	;# 
    95  011A                     	;# 
    96  011B                     	;# 
    97  011D                     	;# 
    98  011D                     	;# 
    99  018C                     	;# 
   100  0191                     	;# 
   101  0191                     	;# 
   102  0192                     	;# 
   103  0193                     	;# 
   104  0193                     	;# 
   105  0193                     	;# 
   106  0194                     	;# 
   107  0195                     	;# 
   108  0196                     	;# 
   109  0199                     	;# 
   110  019A                     	;# 
   111  019B                     	;# 
   112  019B                     	;# 
   113  019B                     	;# 
   114  019B                     	;# 
   115  019C                     	;# 
   116  019C                     	;# 
   117  019D                     	;# 
   118  019E                     	;# 
   119  019F                     	;# 
   120  020C                     	;# 
   121  0211                     	;# 
   122  0211                     	;# 
   123  0212                     	;# 
   124  0212                     	;# 
   125  0213                     	;# 
   126  0213                     	;# 
   127  0214                     	;# 
   128  0214                     	;# 
   129  0215                     	;# 
   130  0215                     	;# 
   131  0215                     	;# 
   132  0216                     	;# 
   133  0216                     	;# 
   134  0217                     	;# 
   135  0217                     	;# 
   136  0291                     	;# 
   137  0291                     	;# 
   138  0292                     	;# 
   139  0293                     	;# 
   140  0294                     	;# 
   141  0295                     	;# 
   142  0295                     	;# 
   143  0296                     	;# 
   144  0391                     	;# 
   145  0392                     	;# 
   146  0393                     	;# 
   147  039A                     	;# 
   148  039C                     	;# 
   149  039D                     	;# 
   150  039E                     	;# 
   151  039F                     	;# 
   152  0FE4                     	;# 
   153  0FE5                     	;# 
   154  0FE6                     	;# 
   155  0FE7                     	;# 
   156  0FE8                     	;# 
   157  0FE9                     	;# 
   158  0FEA                     	;# 
   159  0FEB                     	;# 
   160  0FED                     	;# 
   161  0FEE                     	;# 
   162  0FEF                     	;# 
   163  0000                     	;# 
   164  0001                     	;# 
   165  0002                     	;# 
   166  0003                     	;# 
   167  0004                     	;# 
   168  0005                     	;# 
   169  0006                     	;# 
   170  0007                     	;# 
   171  0008                     	;# 
   172  0009                     	;# 
   173  000A                     	;# 
   174  000B                     	;# 
   175  000C                     	;# 
   176  0011                     	;# 
   177  0012                     	;# 
   178  0015                     	;# 
   179  0016                     	;# 
   180  0016                     	;# 
   181  0017                     	;# 
   182  0018                     	;# 
   183  0019                     	;# 
   184  001A                     	;# 
   185  001B                     	;# 
   186  001C                     	;# 
   187  001E                     	;# 
   188  001F                     	;# 
   189  008C                     	;# 
   190  0091                     	;# 
   191  0092                     	;# 
   192  0095                     	;# 
   193  0096                     	;# 
   194  0097                     	;# 
   195  0098                     	;# 
   196  0099                     	;# 
   197  009A                     	;# 
   198  009B                     	;# 
   199  009B                     	;# 
   200  009C                     	;# 
   201  009D                     	;# 
   202  009E                     	;# 
   203  010C                     	;# 
   204  0111                     	;# 
   205  0112                     	;# 
   206  0115                     	;# 
   207  0116                     	;# 
   208  0117                     	;# 
   209  0118                     	;# 
   210  0119                     	;# 
   211  011A                     	;# 
   212  011B                     	;# 
   213  011D                     	;# 
   214  011D                     	;# 
   215  018C                     	;# 
   216  0191                     	;# 
   217  0191                     	;# 
   218  0192                     	;# 
   219  0193                     	;# 
   220  0193                     	;# 
   221  0193                     	;# 
   222  0194                     	;# 
   223  0195                     	;# 
   224  0196                     	;# 
   225  0199                     	;# 
   226  019A                     	;# 
   227  019B                     	;# 
   228  019B                     	;# 
   229  019B                     	;# 
   230  019B                     	;# 
   231  019C                     	;# 
   232  019C                     	;# 
   233  019D                     	;# 
   234  019E                     	;# 
   235  019F                     	;# 
   236  020C                     	;# 
   237  0211                     	;# 
   238  0211                     	;# 
   239  0212                     	;# 
   240  0212                     	;# 
   241  0213                     	;# 
   242  0213                     	;# 
   243  0214                     	;# 
   244  0214                     	;# 
   245  0215                     	;# 
   246  0215                     	;# 
   247  0215                     	;# 
   248  0216                     	;# 
   249  0216                     	;# 
   250  0217                     	;# 
   251  0217                     	;# 
   252  0291                     	;# 
   253  0291                     	;# 
   254  0292                     	;# 
   255  0293                     	;# 
   256  0294                     	;# 
   257  0295                     	;# 
   258  0295                     	;# 
   259  0296                     	;# 
   260  0391                     	;# 
   261  0392                     	;# 
   262  0393                     	;# 
   263  039A                     	;# 
   264  039C                     	;# 
   265  039D                     	;# 
   266  039E                     	;# 
   267  039F                     	;# 
   268  0FE4                     	;# 
   269  0FE5                     	;# 
   270  0FE6                     	;# 
   271  0FE7                     	;# 
   272  0FE8                     	;# 
   273  0FE9                     	;# 
   274  0FEA                     	;# 
   275  0FEB                     	;# 
   276  0FED                     	;# 
   277  0FEE                     	;# 
   278  0FEF                     	;# 
   279  0000                     	;# 
   280  0001                     	;# 
   281  0002                     	;# 
   282  0003                     	;# 
   283  0004                     	;# 
   284  0005                     	;# 
   285  0006                     	;# 
   286  0007                     	;# 
   287  0008                     	;# 
   288  0009                     	;# 
   289  000A                     	;# 
   290  000B                     	;# 
   291  000C                     	;# 
   292  0011                     	;# 
   293  0012                     	;# 
   294  0015                     	;# 
   295  0016                     	;# 
   296  0016                     	;# 
   297  0017                     	;# 
   298  0018                     	;# 
   299  0019                     	;# 
   300  001A                     	;# 
   301  001B                     	;# 
   302  001C                     	;# 
   303  001E                     	;# 
   304  001F                     	;# 
   305  008C                     	;# 
   306  0091                     	;# 
   307  0092                     	;# 
   308  0095                     	;# 
   309  0096                     	;# 
   310  0097                     	;# 
   311  0098                     	;# 
   312  0099                     	;# 
   313  009A                     	;# 
   314  009B                     	;# 
   315  009B                     	;# 
   316  009C                     	;# 
   317  009D                     	;# 
   318  009E                     	;# 
   319  010C                     	;# 
   320  0111                     	;# 
   321  0112                     	;# 
   322  0115                     	;# 
   323  0116                     	;# 
   324  0117                     	;# 
   325  0118                     	;# 
   326  0119                     	;# 
   327  011A                     	;# 
   328  011B                     	;# 
   329  011D                     	;# 
   330  011D                     	;# 
   331  018C                     	;# 
   332  0191                     	;# 
   333  0191                     	;# 
   334  0192                     	;# 
   335  0193                     	;# 
   336  0193                     	;# 
   337  0193                     	;# 
   338  0194                     	;# 
   339  0195                     	;# 
   340  0196                     	;# 
   341  0199                     	;# 
   342  019A                     	;# 
   343  019B                     	;# 
   344  019B                     	;# 
   345  019B                     	;# 
   346  019B                     	;# 
   347  019C                     	;# 
   348  019C                     	;# 
   349  019D                     	;# 
   350  019E                     	;# 
   351  019F                     	;# 
   352  020C                     	;# 
   353  0211                     	;# 
   354  0211                     	;# 
   355  0212                     	;# 
   356  0212                     	;# 
   357  0213                     	;# 
   358  0213                     	;# 
   359  0214                     	;# 
   360  0214                     	;# 
   361  0215                     	;# 
   362  0215                     	;# 
   363  0215                     	;# 
   364  0216                     	;# 
   365  0216                     	;# 
   366  0217                     	;# 
   367  0217                     	;# 
   368  0291                     	;# 
   369  0291                     	;# 
   370  0292                     	;# 
   371  0293                     	;# 
   372  0294                     	;# 
   373  0295                     	;# 
   374  0295                     	;# 
   375  0296                     	;# 
   376  0391                     	;# 
   377  0392                     	;# 
   378  0393                     	;# 
   379  039A                     	;# 
   380  039C                     	;# 
   381  039D                     	;# 
   382  039E                     	;# 
   383  039F                     	;# 
   384  0FE4                     	;# 
   385  0FE5                     	;# 
   386  0FE6                     	;# 
   387  0FE7                     	;# 
   388  0FE8                     	;# 
   389  0FE9                     	;# 
   390  0FEA                     	;# 
   391  0FEB                     	;# 
   392  0FED                     	;# 
   393  0FEE                     	;# 
   394  0FEF                     	;# 
   395  000C                     _PORTA	set	12
   396  0015                     _TMR0	set	21
   397  005D                     _TMR0IE	set	93
   398  005E                     _PEIE	set	94
   399  005F                     _GIE	set	95
   400  005A                     _TMR0IF	set	90
   401  008C                     _TRISA	set	140
   402  0095                     _OPTION_REG	set	149
   403  0099                     _OSCCON	set	153
   404  018C                     _ANSELA	set	396
   405                           
   406                           	psect	cinit
   407  0019                     start_initialization:	
   408                           ; #config settings
   409                           
   410  0019                     __initialization:
   411                           
   412                           ; Clear objects allocated to BANK0
   413  0019  0020               	movlb	0	; select bank0
   414  001A  01A0               	clrf	__pbssBANK0& (0+127)
   415  001B  01A1               	clrf	(__pbssBANK0+1)& (0+127)
   416  001C  01A2               	clrf	(__pbssBANK0+2)& (0+127)
   417  001D  01A3               	clrf	(__pbssBANK0+3)& (0+127)
   418  001E                     end_of_initialization:	
   419                           ;End of C runtime variable initialization code
   420                           
   421  001E                     __end_of__initialization:
   422  001E  107E               	bcf	int$flags,0	;clear compiler interrupt flag (level 1)
   423  001F  0020               	movlb	0
   424  0020  2821               	ljmp	_main	;jump to C main() function
   425                           
   426                           	psect	bssBANK0
   427  0020                     __pbssBANK0:
   428  0020                     _uiCounterms:
   429  0020                     	ds	4
   430                           
   431                           	psect	cstackCOMMON
   432  0070                     __pcstackCOMMON:
   433  0070                     ?_togglePin:
   434  0070                     ?_my_isr_routine:	
   435                           ; 1 bytes @ 0x0
   436                           
   437  0070                     ??_my_isr_routine:	
   438                           ; 1 bytes @ 0x0
   439                           
   440  0070                     ?_main:	
   441                           ; 1 bytes @ 0x0
   442                           
   443  0070                     togglePin@iPin:	
   444                           ; 1 bytes @ 0x0
   445                           
   446                           
   447                           ; 2 bytes @ 0x0
   448  0070                     	ds	2
   449  0072                     ??_togglePin:
   450                           
   451                           ; 1 bytes @ 0x2
   452  0072                     	ds	2
   453  0074                     ??_main:
   454                           
   455                           ; 1 bytes @ 0x4
   456  0074                     	ds	4
   457  0078                     main@uiContadorTempo:
   458                           
   459                           ; 4 bytes @ 0x8
   460  0078                     	ds	4
   461                           
   462                           	psect	maintext
   463  0021                     __pmaintext:	
   464 ;;
   465 ;;Main: autosize = 0, tempsize = 4, incstack = 0, save=0
   466 ;;
   467 ;; *************** function _main *****************
   468 ;; Defined at:
   469 ;;		line 38 in file "main.c"
   470 ;; Parameters:    Size  Location     Type
   471 ;;		None
   472 ;; Auto vars:     Size  Location     Type
   473 ;;  uiContadorTe    4    8[COMMON] unsigned long 
   474 ;; Return value:  Size  Location     Type
   475 ;;                  1    wreg      void 
   476 ;; Registers used:
   477 ;;		wreg, status,2, status,0, pclath, cstack
   478 ;; Tracked objects:
   479 ;;		On entry : B1F/0
   480 ;;		On exit  : 0/0
   481 ;;		Unchanged: 0/0
   482 ;; Data sizes:     COMMON   BANK0   BANK1
   483 ;;      Params:         0       0       0
   484 ;;      Locals:         4       0       0
   485 ;;      Temps:          4       0       0
   486 ;;      Totals:         8       0       0
   487 ;;Total ram usage:        8 bytes
   488 ;; Hardware stack levels required when called: 2
   489 ;; This function calls:
   490 ;;		_togglePin
   491 ;; This function is called by:
   492 ;;		Startup code after reset
   493 ;; This function uses a non-reentrant model
   494 ;;
   495                           
   496                           
   497                           ;psect for function _main
   498  0021                     _main:
   499  0021                     l717:	
   500                           ;incstack = 0
   501                           ; Regs used in _main: [wreg+status,2+status,0+pclath+cstack]
   502                           
   503                           
   504                           ;main.c: 43:     OSCCON = 0b1111100;
   505  0021  307C               	movlw	124
   506  0022  0021               	movlb	1	; select bank1
   507  0023  0099               	movwf	25	;volatile
   508                           
   509                           ;main.c: 46:     OPTION_REG = 0b0000100;
   510  0024  3004               	movlw	4
   511  0025  0095               	movwf	21	;volatile
   512                           
   513                           ;main.c: 47:     TMR0=131;
   514  0026  3083               	movlw	131
   515  0027  0020               	movlb	0	; select bank0
   516  0028  0095               	movwf	21	;volatile
   517  0029                     l719:
   518                           
   519                           ;main.c: 48:     GIE=1;
   520  0029  178B               	bsf	11,7	;volatile
   521  002A                     l721:
   522                           
   523                           ;main.c: 49:     PEIE=1;
   524  002A  170B               	bsf	11,6	;volatile
   525  002B                     l723:
   526                           
   527                           ;main.c: 50:     TMR0IE=1;
   528  002B  168B               	bsf	11,5	;volatile
   529  002C                     l725:
   530                           
   531                           ;main.c: 54:     ANSELA = 0x00;
   532  002C  0023               	movlb	3	; select bank3
   533  002D  018C               	clrf	12	;volatile
   534  002E                     l727:
   535                           
   536                           ;main.c: 55:     TRISA = 0b1111011;
   537  002E  307B               	movlw	123
   538  002F  0021               	movlb	1	; select bank1
   539  0030  008C               	movwf	12	;volatile
   540                           
   541                           ;main.c: 56:     PORTA = 0x00;
   542  0031  0020               	movlb	0	; select bank0
   543  0032  018C               	clrf	12	;volatile
   544  0033                     l729:
   545                           
   546                           ;main.c: 59:     unsigned long uiContadorTempo = 0;
   547  0033  3000               	movlw	0
   548  0034  00FB               	movwf	main@uiContadorTempo+3
   549  0035  3000               	movlw	0
   550  0036  00FA               	movwf	main@uiContadorTempo+2
   551  0037  3000               	movlw	0
   552  0038  00F9               	movwf	main@uiContadorTempo+1
   553  0039  3000               	movlw	0
   554  003A  00F8               	movwf	main@uiContadorTempo
   555  003B                     l731:
   556                           
   557                           ;main.c: 62:         if((uiCounterms - uiContadorTempo) > 1000){
   558  003B  0878               	movf	main@uiContadorTempo,w
   559  003C  0020               	movlb	0	; select bank0
   560  003D  0220               	subwf	_uiCounterms,w
   561  003E  00F4               	movwf	??_main
   562  003F  0879               	movf	main@uiContadorTempo+1,w
   563  0040  3B21               	subwfb	_uiCounterms+1,w
   564  0041  00F5               	movwf	??_main+1
   565  0042  087A               	movf	main@uiContadorTempo+2,w
   566  0043  3B22               	subwfb	_uiCounterms+2,w
   567  0044  00F6               	movwf	??_main+2
   568  0045  087B               	movf	main@uiContadorTempo+3,w
   569  0046  3B23               	subwfb	_uiCounterms+3,w
   570  0047  00F7               	movwf	??_main+3
   571  0048  0877               	movf	??_main+3,w
   572  0049  1D03               	btfss	3,2
   573  004A  2856               	goto	u160
   574  004B  0876               	movf	??_main+2,w
   575  004C  1D03               	btfss	3,2
   576  004D  2856               	goto	u160
   577  004E  30E9               	movlw	233
   578  004F  0274               	subwf	??_main,w
   579  0050  3003               	movlw	3
   580  0051  3B75               	subwfb	??_main+1,w
   581  0052  1C03               	btfss	3,0
   582  0053  2855               	goto	u161
   583  0054  2856               	goto	u160
   584  0055                     u161:
   585  0055  283B               	goto	l731
   586  0056                     u160:
   587  0056                     l733:
   588                           
   589                           ;main.c: 63:             togglePin(2);
   590  0056  3002               	movlw	2
   591  0057  00F0               	movwf	togglePin@iPin
   592  0058  3000               	movlw	0
   593  0059  00F1               	movwf	togglePin@iPin+1
   594  005A  3180  2068  3180   	fcall	_togglePin
   595  005D                     l735:
   596                           
   597                           ;main.c: 69:             uiContadorTempo = uiCounterms;
   598  005D  0020               	movlb	0	; select bank0
   599  005E  0823               	movf	_uiCounterms+3,w
   600  005F  00FB               	movwf	main@uiContadorTempo+3
   601  0060  0822               	movf	_uiCounterms+2,w
   602  0061  00FA               	movwf	main@uiContadorTempo+2
   603  0062  0821               	movf	_uiCounterms+1,w
   604  0063  00F9               	movwf	main@uiContadorTempo+1
   605  0064  0820               	movf	_uiCounterms,w
   606  0065  00F8               	movwf	main@uiContadorTempo
   607  0066  283B               	goto	l731
   608  0067  2818               	ljmp	start
   609  0068                     __end_of_main:
   610                           
   611                           	psect	text1
   612  0068                     __ptext1:	
   613 ;; *************** function _togglePin *****************
   614 ;; Defined at:
   615 ;;		line 18 in file "utils.c"
   616 ;; Parameters:    Size  Location     Type
   617 ;;  iPin            2    0[COMMON] int 
   618 ;; Auto vars:     Size  Location     Type
   619 ;;		None
   620 ;; Return value:  Size  Location     Type
   621 ;;                  1    wreg      void 
   622 ;; Registers used:
   623 ;;		wreg, status,2, status,0
   624 ;; Tracked objects:
   625 ;;		On entry : 0/0
   626 ;;		On exit  : 0/0
   627 ;;		Unchanged: 0/0
   628 ;; Data sizes:     COMMON   BANK0   BANK1
   629 ;;      Params:         2       0       0
   630 ;;      Locals:         0       0       0
   631 ;;      Temps:          2       0       0
   632 ;;      Totals:         4       0       0
   633 ;;Total ram usage:        4 bytes
   634 ;; Hardware stack levels used: 1
   635 ;; Hardware stack levels required when called: 1
   636 ;; This function calls:
   637 ;;		Nothing
   638 ;; This function is called by:
   639 ;;		_main
   640 ;; This function uses a non-reentrant model
   641 ;;
   642                           
   643                           
   644                           ;psect for function _togglePin
   645  0068                     _togglePin:
   646  0068                     l705:	
   647                           ;incstack = 0
   648                           ; Regs used in _togglePin: [wreg+status,2+status,0]
   649                           
   650                           
   651                           ;utils.c: 19:     if(0 <= iPin && 5 >= iPin){
   652  0068  1BF1               	btfsc	togglePin@iPin+1,7
   653  0069  286B               	goto	u121
   654  006A  286C               	goto	u120
   655  006B                     u121:
   656  006B  2885               	goto	l53
   657  006C                     u120:
   658  006C                     l707:
   659  006C  0871               	movf	togglePin@iPin+1,w
   660  006D  3A80               	xorlw	128
   661  006E  00F2               	movwf	??_togglePin
   662  006F  3080               	movlw	128
   663  0070  0272               	subwf	??_togglePin,w
   664  0071  1D03               	skipz
   665  0072  2875               	goto	u135
   666  0073  3006               	movlw	6
   667  0074  0270               	subwf	togglePin@iPin,w
   668  0075                     u135:
   669  0075  1803               	skipnc
   670  0076  2878               	goto	u131
   671  0077  2879               	goto	u130
   672  0078                     u131:
   673  0078  2885               	goto	l53
   674  0079                     u130:
   675  0079                     l709:
   676                           
   677                           ;utils.c: 20:         PORTA ^= (1<<iPin);
   678  0079  3001               	movlw	1
   679  007A  00F2               	movwf	??_togglePin
   680  007B  0A70               	incf	togglePin@iPin,w
   681  007C  287E               	goto	u144
   682  007D                     u145:
   683  007D  35F2               	lslf	??_togglePin,f
   684  007E                     u144:
   685  007E  0B89               	decfsz	9,f
   686  007F  287D               	goto	u145
   687  0080  0872               	movf	??_togglePin,w
   688  0081  00F3               	movwf	??_togglePin+1
   689  0082  0873               	movf	??_togglePin+1,w
   690  0083  0020               	movlb	0	; select bank0
   691  0084  068C               	xorwf	12,f	;volatile
   692  0085                     l53:
   693  0085  0008               	return
   694  0086                     __end_of_togglePin:
   695                           
   696                           	psect	intentry
   697  0004                     __pintentry:	
   698 ;; *************** function _my_isr_routine *****************
   699 ;; Defined at:
   700 ;;		line 29 in file "main.c"
   701 ;; Parameters:    Size  Location     Type
   702 ;;		None
   703 ;; Auto vars:     Size  Location     Type
   704 ;;		None
   705 ;; Return value:  Size  Location     Type
   706 ;;                  1    wreg      void 
   707 ;; Registers used:
   708 ;;		wreg
   709 ;; Tracked objects:
   710 ;;		On entry : 0/0
   711 ;;		On exit  : 0/0
   712 ;;		Unchanged: 0/0
   713 ;; Data sizes:     COMMON   BANK0   BANK1
   714 ;;      Params:         0       0       0
   715 ;;      Locals:         0       0       0
   716 ;;      Temps:          0       0       0
   717 ;;      Totals:         0       0       0
   718 ;;Total ram usage:        0 bytes
   719 ;; Hardware stack levels used: 1
   720 ;; This function calls:
   721 ;;		Nothing
   722 ;; This function is called by:
   723 ;;		Interrupt level 1
   724 ;; This function uses a non-reentrant model
   725 ;;
   726                           
   727  0004                     _my_isr_routine:
   728                           
   729                           ;incstack = 0
   730  0004  147E               	bsf	int$flags,0	;set compiler interrupt flag (level 1)
   731                           
   732                           ; Regs used in _my_isr_routine: [wreg]
   733  0005  3180               	pagesel	$
   734  0006                     i1l711:
   735                           
   736                           ;main.c: 30:     if(TMR0IF)
   737  0006  1D0B               	btfss	11,2	;volatile
   738  0007  2809               	goto	u15_21
   739  0008  280A               	goto	u15_20
   740  0009                     u15_21:
   741  0009  2816               	goto	i1l30
   742  000A                     u15_20:
   743  000A                     i1l713:
   744                           
   745                           ;main.c: 31:     {;main.c: 32:         TMR0 = 131;
   746  000A  3083               	movlw	131
   747  000B  0020               	movlb	0	; select bank0
   748  000C  0095               	movwf	21	;volatile
   749  000D                     i1l715:
   750                           
   751                           ;main.c: 33:         TMR0IF = 0;
   752  000D  110B               	bcf	11,2	;volatile
   753                           
   754                           ;main.c: 34:         uiCounterms++;
   755  000E  3001               	movlw	1
   756  000F  07A0               	addwf	_uiCounterms,f
   757  0010  3000               	movlw	0
   758  0011  3DA1               	addwfc	_uiCounterms+1,f
   759  0012  3000               	movlw	0
   760  0013  3DA2               	addwfc	_uiCounterms+2,f
   761  0014  3000               	movlw	0
   762  0015  3DA3               	addwfc	_uiCounterms+3,f
   763  0016                     i1l30:
   764  0016  107E               	bcf	int$flags,0	;clear compiler interrupt flag (level 1)
   765  0017  0009               	retfie
   766  0018                     __end_of_my_isr_routine:
   767  007E                     btemp	set	126	;btemp
   768  007E                     int$flags	set	126
   769  007E                     wtemp0	set	126
   770                           
   771                           	psect	config
   772                           
   773                           ;Config register CONFIG1 @ 0x8007
   774                           ;	Oscillator Selection
   775                           ;	FOSC = INTOSC, INTOSC oscillator: I/O function on CLKIN pin
   776                           ;	Watchdog Timer Enable
   777                           ;	WDTE = OFF, WDT disabled
   778                           ;	Power-up Timer Enable
   779                           ;	PWRTE = OFF, PWRT disabled
   780                           ;	MCLR Pin Function Select
   781                           ;	MCLRE = OFF, MCLR/VPP pin function is digital input
   782                           ;	Flash Program Memory Code Protection
   783                           ;	CP = OFF, Program memory code protection is disabled
   784                           ;	Data Memory Code Protection
   785                           ;	CPD = OFF, Data memory code protection is disabled
   786                           ;	Brown-out Reset Enable
   787                           ;	BOREN = OFF, Brown-out Reset disabled
   788                           ;	Clock Out Enable
   789                           ;	CLKOUTEN = OFF, CLKOUT function is disabled. I/O or oscillator function on the CLKOUT 
      +                          pin
   790                           ;	Internal/External Switchover
   791                           ;	IESO = OFF, Internal/External Switchover mode is disabled
   792                           ;	Fail-Safe Clock Monitor Enable
   793                           ;	FCMEN = OFF, Fail-Safe Clock Monitor is disabled
   794  8007                     	org	32775
   795  8007  09A4               	dw	2468
   796                           
   797                           ;Config register CONFIG2 @ 0x8008
   798                           ;	Flash Memory Self-Write Protection
   799                           ;	WRT = OFF, Write protection off
   800                           ;	PLL Enable
   801                           ;	PLLEN = ON, 4x PLL enabled
   802                           ;	Stack Overflow/Underflow Reset Enable
   803                           ;	STVREN = ON, Stack Overflow or Underflow will cause a Reset
   804                           ;	Brown-out Reset Voltage Selection
   805                           ;	BORV = LO, Brown-out Reset Voltage (Vbor), low trip point selected.
   806                           ;	Low-Voltage Programming Enable
   807                           ;	LVP = OFF, High-voltage on MCLR/VPP must be used for programming
   808  8008                     	org	32776
   809  8008  1FFF               	dw	8191

Data Sizes:
    Strings     0
    Constant    0
    Data        0
    BSS         4
    Persistent  32
    Stack       0

Auto Spaces:
    Space          Size  Autos    Used
    COMMON           14     12      12
    BANK0            80      0       4
    BANK1            32      0       0

Pointer List with Targets:

    None.

Critical Paths under _main in COMMON

    _main->_togglePin

Critical Paths under _my_isr_routine in COMMON

    None.

Critical Paths under _main in BANK0

    None.

Critical Paths under _my_isr_routine in BANK0

    None.

Critical Paths under _main in BANK1

    None.

Critical Paths under _my_isr_routine in BANK1

    None.

Call Graph Tables:

 ---------------------------------------------------------------------------------
 (Depth) Function   	        Calls       Base Space   Used Autos Params    Refs
 ---------------------------------------------------------------------------------
 (0) _main                                                 8     8      0     166
                                              4 COMMON     8     8      0
                          _togglePin
 ---------------------------------------------------------------------------------
 (1) _togglePin                                            4     2      2     142
                                              0 COMMON     4     2      2
 ---------------------------------------------------------------------------------
 Estimated maximum stack depth 1
 ---------------------------------------------------------------------------------
 (Depth) Function   	        Calls       Base Space   Used Autos Params    Refs
 ---------------------------------------------------------------------------------
 (2) _my_isr_routine                                       0     0      0       0
 ---------------------------------------------------------------------------------
 Estimated maximum stack depth 2
 ---------------------------------------------------------------------------------

 Call Graph Graphs:

 _main (ROOT)
   _togglePin

 _my_isr_routine (ROOT)

 Address spaces:
Name               Size   Autos  Total    Cost      Usage
BIGRAM              70      0       0       0        0.0%
EEDATA             100      0       0       0        0.0%
NULL                 0      0       0       0        0.0%
CODE                 0      0       0       0        0.0%
BITCOMMON            E      0       0       1        0.0%
BITSFR0              0      0       0       1        0.0%
SFR0                 0      0       0       1        0.0%
COMMON               E      C       C       2       85.7%
BITSFR1              0      0       0       2        0.0%
SFR1                 0      0       0       2        0.0%
BITSFR2              0      0       0       3        0.0%
SFR2                 0      0       0       3        0.0%
STACK                0      0       0       3        0.0%
BITSFR3              0      0       0       4        0.0%
SFR3                 0      0       0       4        0.0%
ABS                  0      0      10       4        0.0%
BITBANK0            50      0       0       5        0.0%
BITSFR4              0      0       0       5        0.0%
SFR4                 0      0       0       5        0.0%
BANK0               50      0       4       6        5.0%
BITSFR5              0      0       0       6        0.0%
SFR5                 0      0       0       6        0.0%
BITBANK1            20      0       0       7        0.0%
BITSFR6              0      0       0       7        0.0%
SFR6                 0      0       0       7        0.0%
BANK1               20      0       0       8        0.0%
BITSFR7              0      0       0       8        0.0%
SFR7                 0      0       0       8        0.0%
BITSFR8              0      0       0       9        0.0%
SFR8                 0      0       0       9        0.0%
DATA                 0      0      10       9        0.0%
BITSFR9              0      0       0      10        0.0%
SFR9                 0      0       0      10        0.0%
BITSFR10             0      0       0      11        0.0%
SFR10                0      0       0      11        0.0%
BITSFR11             0      0       0      12        0.0%
SFR11                0      0       0      12        0.0%
BITSFR12             0      0       0      13        0.0%
SFR12                0      0       0      13        0.0%
BITSFR13             0      0       0      14        0.0%
SFR13                0      0       0      14        0.0%
BITSFR14             0      0       0      15        0.0%
SFR14                0      0       0      15        0.0%
BITSFR15             0      0       0      16        0.0%
SFR15                0      0       0      16        0.0%
BITSFR16             0      0       0      17        0.0%
SFR16                0      0       0      17        0.0%
BITSFR17             0      0       0      18        0.0%
SFR17                0      0       0      18        0.0%
BITSFR18             0      0       0      19        0.0%
SFR18                0      0       0      19        0.0%
BITSFR19             0      0       0      20        0.0%
SFR19                0      0       0      20        0.0%
BITSFR20             0      0       0      21        0.0%
SFR20                0      0       0      21        0.0%
BITSFR21             0      0       0      22        0.0%
SFR21                0      0       0      22        0.0%
BITSFR22             0      0       0      23        0.0%
SFR22                0      0       0      23        0.0%
BITSFR23             0      0       0      24        0.0%
SFR23                0      0       0      24        0.0%
BITSFR24             0      0       0      25        0.0%
SFR24                0      0       0      25        0.0%
BITSFR25             0      0       0      26        0.0%
SFR25                0      0       0      26        0.0%
BITSFR26             0      0       0      27        0.0%
SFR26                0      0       0      27        0.0%
BITSFR27             0      0       0      28        0.0%
SFR27                0      0       0      28        0.0%
BITSFR28             0      0       0      29        0.0%
SFR28                0      0       0      29        0.0%
BITSFR29             0      0       0      30        0.0%
SFR29                0      0       0      30        0.0%
BITSFR30             0      0       0      31        0.0%
SFR30                0      0       0      31        0.0%
BITSFR31             0      0       0      32        0.0%
SFR31                0      0       0      32        0.0%


Microchip Technology PIC Macro Assembler V2.32 build 20210201212658 
Symbol Table                                                                                   Tue Oct 26 15:55:47 2021

                     l53 0085                      l705 0068                      l721 002A  
                    l707 006C                      l731 003B                      l723 002B  
                    l709 0079                      l733 0056                      l725 002C  
                    l717 0021                      l735 005D                      l727 002E  
                    l719 0029                      l729 0033                      _GIE 005F  
                    u120 006C                      u121 006B                      u130 0079  
                    u131 0078                      u135 0075                      u144 007E  
                    u160 0056                      u145 007D                      u161 0055  
                    wreg 0009                     _PEIE 005E                     i1l30 0016  
                   _TMR0 0015                     _main 0021                     btemp 007E  
                   start 0018                    ?_main 0070                    i1l711 0006  
                  i1l713 000A                    i1l715 000D                    u15_20 000A  
                  u15_21 0009                    _PORTA 000C                    _TRISA 008C  
                  status 0003                    wtemp0 007E          __initialization 0019  
           __end_of_main 0068                   ??_main 0074                   _ANSELA 018C  
          togglePin@iPin 0070                   _OSCCON 0099                   _TMR0IE 005D  
                 _TMR0IF 005A  __end_of__initialization 001E           __pcstackCOMMON 0070  
    main@uiContadorTempo 0078               __pbssBANK0 0020               __pmaintext 0021  
             __pintentry 0004       __size_of_togglePin 001E  __size_of_my_isr_routine 0014  
                __ptext1 0068     end_of_initialization 001E        __end_of_togglePin 0086  
    start_initialization 0019           _my_isr_routine 0004                ___latbits 0000  
 __end_of_my_isr_routine 0018          ?_my_isr_routine 0070                _togglePin 0068  
             ?_togglePin 0070              _uiCounterms 0020            __size_of_main 0047  
               int$flags 007E                 intlevel1 0000              ??_togglePin 0072  
       ??_my_isr_routine 0070               _OPTION_REG 0095  
